<?xml version="1.0" encoding="UTF-8"?>
<coverage generated="1664297848627" clover="3.2.0">
  <project timestamp="1664297848627" name="All files">
    <metrics statements="48" coveredstatements="41" conditionals="17" coveredconditionals="16" methods="20" coveredmethods="17" elements="85" coveredelements="74" complexity="0" loc="48" ncloc="48" packages="1" files="4" classes="4"/>
    <file name="createContainer.ts" path="/Users/danielhernandez/Personal/react-di/src/shared/container/application/base/createContainer.ts">
      <metrics statements="23" coveredstatements="20" conditionals="14" coveredconditionals="13" methods="7" coveredmethods="6"/>
      <line num="6" count="1" type="stmt"/>
      <line num="8" count="1" type="stmt"/>
      <line num="9" count="5" type="stmt"/>
      <line num="11" count="5" type="stmt"/>
      <line num="19" count="1" type="stmt"/>
      <line num="21" count="1" type="stmt"/>
      <line num="22" count="3" type="stmt"/>
      <line num="24" count="3" type="cond" truecount="4" falsecount="0"/>
      <line num="25" count="1" type="stmt"/>
      <line num="27" count="2" type="cond" truecount="4" falsecount="0"/>
      <line num="28" count="1" type="stmt"/>
      <line num="30" count="1" type="cond" truecount="3" falsecount="0"/>
      <line num="31" count="1" type="stmt"/>
      <line num="33" count="0" type="stmt"/>
      <line num="37" count="5" type="stmt"/>
      <line num="39" count="15" type="cond" truecount="1" falsecount="0"/>
      <line num="41" count="0" type="stmt"/>
      <line num="47" count="6" type="stmt"/>
      <line num="51" count="1" type="stmt"/>
      <line num="53" count="1" type="cond" truecount="1" falsecount="1"/>
      <line num="55" count="0" type="stmt"/>
      <line num="67" count="1" type="stmt"/>
      <line num="71" count="5" type="stmt"/>
    </file>
    <file name="createDependency.ts" path="/Users/danielhernandez/Personal/react-di/src/shared/container/application/base/createDependency.ts">
      <metrics statements="11" coveredstatements="11" conditionals="1" coveredconditionals="1" methods="7" coveredmethods="7"/>
      <line num="6" count="1" type="stmt"/>
      <line num="14" count="6" type="stmt"/>
      <line num="16" count="4" type="stmt"/>
      <line num="18" count="2" type="stmt"/>
      <line num="22" count="2" type="stmt"/>
      <line num="24" count="2" type="stmt"/>
      <line num="25" count="7" type="stmt"/>
      <line num="27" count="7" type="cond" truecount="1" falsecount="0"/>
      <line num="29" count="7" type="stmt"/>
      <line num="32" count="2" type="stmt"/>
      <line num="36" count="4" type="stmt"/>
    </file>
    <file name="createRegistry.ts" path="/Users/danielhernandez/Personal/react-di/src/shared/container/application/base/createRegistry.ts">
      <metrics statements="11" coveredstatements="7" conditionals="2" coveredconditionals="2" methods="4" coveredmethods="2"/>
      <line num="7" count="1" type="stmt"/>
      <line num="13" count="1" type="stmt"/>
      <line num="20" count="1" type="stmt"/>
      <line num="25" count="1" type="stmt"/>
      <line num="26" count="3" type="stmt"/>
      <line num="29" count="1" type="stmt"/>
      <line num="30" count="0" type="stmt"/>
      <line num="32" count="0" type="stmt"/>
      <line num="33" count="0" type="stmt"/>
      <line num="39" count="0" type="stmt"/>
      <line num="42" count="1" type="stmt"/>
    </file>
    <file name="createToken.ts" path="/Users/danielhernandez/Personal/react-di/src/shared/container/application/base/createToken.ts">
      <metrics statements="3" coveredstatements="3" conditionals="0" coveredconditionals="0" methods="2" coveredmethods="2"/>
      <line num="3" count="1" type="stmt"/>
      <line num="4" count="6" type="stmt"/>
      <line num="6" count="21" type="stmt"/>
    </file>
  </project>
</coverage>
