{"/Users/danielhernandez/Personal/react-di/src/shared/container/application/base/createContainer.ts": {"path":"/Users/danielhernandez/Personal/react-di/src/shared/container/application/base/createContainer.ts","statementMap":{"0":{"start":{"line":6,"column":0},"end":{"line":6,"column":54}},"1":{"start":{"line":9,"column":21},"end":{"line":9,"column":53}},"2":{"start":{"line":11,"column":36},"end":{"line":35,"column":5}},"3":{"start":{"line":19,"column":8},"end":{"line":19,"column":50}},"4":{"start":{"line":21,"column":8},"end":{"line":34,"column":11}},"5":{"start":{"line":22,"column":31},"end":{"line":22,"column":62}},"6":{"start":{"line":24,"column":12},"end":{"line":25,"column":57}},"7":{"start":{"line":25,"column":16},"end":{"line":25,"column":57}},"8":{"start":{"line":27,"column":12},"end":{"line":28,"column":60}},"9":{"start":{"line":28,"column":16},"end":{"line":28,"column":60}},"10":{"start":{"line":30,"column":12},"end":{"line":31,"column":58}},"11":{"start":{"line":31,"column":16},"end":{"line":31,"column":58}},"12":{"start":{"line":33,"column":12},"end":{"line":33,"column":73}},"13":{"start":{"line":37,"column":33},"end":{"line":69,"column":6}},"14":{"start":{"line":39,"column":12},"end":{"line":39,"column":70}},"15":{"start":{"line":39,"column":38},"end":{"line":39,"column":70}},"16":{"start":{"line":41,"column":12},"end":{"line":43,"column":14}},"17":{"start":{"line":47,"column":12},"end":{"line":47,"column":69}},"18":{"start":{"line":51,"column":12},"end":{"line":51,"column":68}},"19":{"start":{"line":53,"column":12},"end":{"line":65,"column":14}},"20":{"start":{"line":55,"column":20},"end":{"line":63,"column":null}},"21":{"start":{"line":67,"column":12},"end":{"line":67,"column":26}},"22":{"start":{"line":71,"column":4},"end":{"line":71,"column":21}},"23":{"start":{"line":8,"column":0},"end":{"line":8,"column":16}}},"fnMap":{"0":{"name":"createContainer","decl":{"start":{"line":8,"column":16},"end":{"line":8,"column":31}},"loc":{"start":{"line":8,"column":31},"end":{"line":72,"column":1}}},"1":{"name":"(anonymous_1)","decl":{"start":{"line":11,"column":36},"end":{"line":11,"column":null}},"loc":{"start":{"line":18,"column":8},"end":{"line":35,"column":5}}},"2":{"name":"(anonymous_2)","decl":{"start":{"line":21,"column":41},"end":{"line":21,"column":42}},"loc":{"start":{"line":21,"column":57},"end":{"line":34,"column":9}}},"3":{"name":"(anonymous_3)","decl":{"start":{"line":38,"column":8},"end":{"line":38,"column":11}},"loc":{"start":{"line":38,"column":22},"end":{"line":44,"column":9}}},"4":{"name":"(anonymous_4)","decl":{"start":{"line":46,"column":8},"end":{"line":46,"column":16}},"loc":{"start":{"line":46,"column":27},"end":{"line":48,"column":9}}},"5":{"name":"(anonymous_5)","decl":{"start":{"line":50,"column":8},"end":{"line":50,"column":16}},"loc":{"start":{"line":50,"column":59},"end":{"line":68,"column":9}}},"6":{"name":"(anonymous_6)","decl":{"start":{"line":54,"column":16},"end":{"line":54,"column":17}},"loc":{"start":{"line":55,"column":20},"end":{"line":63,"column":null}}}},"branchMap":{"0":{"loc":{"start":{"line":24,"column":12},"end":{"line":25,"column":57}},"type":"if","locations":[{"start":{"line":24,"column":12},"end":{"line":25,"column":57}}]},"1":{"loc":{"start":{"line":24,"column":16},"end":{"line":24,"column":69}},"type":"binary-expr","locations":[{"start":{"line":24,"column":16},"end":{"line":24,"column":36}},{"start":{"line":24,"column":40},"end":{"line":24,"column":55}},{"start":{"line":24,"column":59},"end":{"line":24,"column":69}}]},"2":{"loc":{"start":{"line":27,"column":12},"end":{"line":28,"column":60}},"type":"if","locations":[{"start":{"line":27,"column":12},"end":{"line":28,"column":60}}]},"3":{"loc":{"start":{"line":27,"column":16},"end":{"line":27,"column":69}},"type":"binary-expr","locations":[{"start":{"line":27,"column":16},"end":{"line":27,"column":33}},{"start":{"line":27,"column":37},"end":{"line":27,"column":53}},{"start":{"line":27,"column":57},"end":{"line":27,"column":69}}]},"4":{"loc":{"start":{"line":30,"column":12},"end":{"line":31,"column":58}},"type":"if","locations":[{"start":{"line":30,"column":12},"end":{"line":31,"column":58}}]},"5":{"loc":{"start":{"line":30,"column":16},"end":{"line":30,"column":49}},"type":"binary-expr","locations":[{"start":{"line":30,"column":16},"end":{"line":30,"column":33}},{"start":{"line":30,"column":37},"end":{"line":30,"column":49}}]},"6":{"loc":{"start":{"line":39,"column":12},"end":{"line":39,"column":70}},"type":"if","locations":[{"start":{"line":39,"column":12},"end":{"line":39,"column":70}}]},"7":{"loc":{"start":{"line":53,"column":27},"end":{"line":53,"column":40}},"type":"binary-expr","locations":[{"start":{"line":53,"column":27},"end":{"line":53,"column":34}},{"start":{"line":53,"column":38},"end":{"line":53,"column":40}}]}},"s":{"0":1,"1":5,"2":5,"3":1,"4":1,"5":3,"6":3,"7":1,"8":2,"9":1,"10":1,"11":1,"12":0,"13":5,"14":15,"15":15,"16":0,"17":6,"18":1,"19":1,"20":0,"21":1,"22":5,"23":1},"f":{"0":5,"1":1,"2":3,"3":15,"4":6,"5":1,"6":0},"b":{"0":[1],"1":[3,1,1],"2":[1],"3":[2,2,1],"4":[1],"5":[1,1],"6":[15],"7":[1,0]}}
,"/Users/danielhernandez/Personal/react-di/src/shared/container/application/base/createDependency.ts": {"path":"/Users/danielhernandez/Personal/react-di/src/shared/container/application/base/createDependency.ts","statementMap":{"0":{"start":{"line":14,"column":2},"end":{"line":38,"column":4}},"1":{"start":{"line":16,"column":27},"end":{"line":16,"column":41}},"2":{"start":{"line":16,"column":33},"end":{"line":16,"column":41}},"3":{"start":{"line":18,"column":6},"end":{"line":18,"column":47}},"4":{"start":{"line":22,"column":24},"end":{"line":22,"column":56}},"5":{"start":{"line":24,"column":28},"end":{"line":30,"column":7}},"6":{"start":{"line":25,"column":8},"end":{"line":25,"column":60}},"7":{"start":{"line":27,"column":8},"end":{"line":27,"column":76}},"8":{"start":{"line":27,"column":38},"end":{"line":27,"column":76}},"9":{"start":{"line":29,"column":8},"end":{"line":29,"column":31}},"10":{"start":{"line":32,"column":6},"end":{"line":32,"column":48}},"11":{"start":{"line":36,"column":6},"end":{"line":36,"column":60}},"12":{"start":{"line":36,"column":39},"end":{"line":36,"column":58}},"13":{"start":{"line":6,"column":0},"end":{"line":6,"column":16}}},"fnMap":{"0":{"name":"createDependency","decl":{"start":{"line":6,"column":16},"end":{"line":6,"column":32}},"loc":{"start":{"line":12,"column":14},"end":{"line":39,"column":1}}},"1":{"name":"(anonymous_1)","decl":{"start":{"line":15,"column":4},"end":{"line":15,"column":14}},"loc":{"start":{"line":15,"column":23},"end":{"line":19,"column":5}}},"2":{"name":"(anonymous_2)","decl":{"start":{"line":16,"column":27},"end":{"line":16,"column":30}},"loc":{"start":{"line":16,"column":33},"end":{"line":16,"column":41}}},"3":{"name":"(anonymous_3)","decl":{"start":{"line":21,"column":4},"end":{"line":21,"column":15}},"loc":{"start":{"line":21,"column":24},"end":{"line":33,"column":5}}},"4":{"name":"(anonymous_4)","decl":{"start":{"line":24,"column":28},"end":{"line":24,"column":31}},"loc":{"start":{"line":24,"column":33},"end":{"line":30,"column":7}}},"5":{"name":"(anonymous_5)","decl":{"start":{"line":35,"column":4},"end":{"line":35,"column":13}},"loc":{"start":{"line":35,"column":22},"end":{"line":37,"column":5}}},"6":{"name":"(anonymous_6)","decl":{"start":{"line":36,"column":33},"end":{"line":36,"column":36}},"loc":{"start":{"line":36,"column":39},"end":{"line":36,"column":58}}}},"branchMap":{"0":{"loc":{"start":{"line":27,"column":8},"end":{"line":27,"column":76}},"type":"if","locations":[{"start":{"line":27,"column":8},"end":{"line":27,"column":76}}]}},"s":{"0":6,"1":2,"2":4,"3":2,"4":2,"5":2,"6":7,"7":7,"8":2,"9":7,"10":2,"11":2,"12":4,"13":1},"f":{"0":6,"1":2,"2":4,"3":2,"4":7,"5":2,"6":4},"b":{"0":[2]}}
,"/Users/danielhernandez/Personal/react-di/src/shared/container/application/base/createRegistry.ts": {"path":"/Users/danielhernandez/Personal/react-di/src/shared/container/application/base/createRegistry.ts","statementMap":{"0":{"start":{"line":7,"column":0},"end":{"line":7,"column":44}},"1":{"start":{"line":20,"column":19},"end":{"line":20,"column":null}},"2":{"start":{"line":25,"column":4},"end":{"line":27,"column":7}},"3":{"start":{"line":26,"column":8},"end":{"line":26,"column":58}},"4":{"start":{"line":29,"column":4},"end":{"line":40,"column":7}},"5":{"start":{"line":30,"column":29},"end":{"line":30,"column":71}},"6":{"start":{"line":32,"column":8},"end":{"line":37,"column":11}},"7":{"start":{"line":33,"column":12},"end":{"line":36,"column":14}},"8":{"start":{"line":39,"column":8},"end":{"line":39,"column":74}},"9":{"start":{"line":42,"column":4},"end":{"line":46,"column":70}},"10":{"start":{"line":13,"column":0},"end":{"line":13,"column":16}}},"fnMap":{"0":{"name":"createRegistry","decl":{"start":{"line":13,"column":16},"end":{"line":13,"column":30}},"loc":{"start":{"line":18,"column":45},"end":{"line":47,"column":1}}},"1":{"name":"(anonymous_1)","decl":{"start":{"line":25,"column":37},"end":{"line":25,"column":38}},"loc":{"start":{"line":25,"column":55},"end":{"line":27,"column":5}}},"2":{"name":"(anonymous_2)","decl":{"start":{"line":29,"column":36},"end":{"line":29,"column":37}},"loc":{"start":{"line":29,"column":60},"end":{"line":40,"column":5}}},"3":{"name":"(anonymous_3)","decl":{"start":{"line":32,"column":39},"end":{"line":32,"column":40}},"loc":{"start":{"line":32,"column":60},"end":{"line":37,"column":9}}}},"branchMap":{"0":{"loc":{"start":{"line":18,"column":4},"end":{"line":18,"column":45}},"type":"default-arg","locations":[{"start":{"line":18,"column":32},"end":{"line":18,"column":45}}]},"1":{"loc":{"start":{"line":18,"column":6},"end":{"line":18,"column":18}},"type":"default-arg","locations":[{"start":{"line":18,"column":16},"end":{"line":18,"column":18}}]}},"s":{"0":1,"1":1,"2":1,"3":3,"4":1,"5":0,"6":0,"7":0,"8":0,"9":1,"10":1},"f":{"0":1,"1":3,"2":0,"3":0},"b":{"0":[1],"1":[1]}}
,"/Users/danielhernandez/Personal/react-di/src/shared/container/application/base/createToken.ts": {"path":"/Users/danielhernandez/Personal/react-di/src/shared/container/application/base/createToken.ts","statementMap":{"0":{"start":{"line":4,"column":2},"end":{"line":8,"column":4}},"1":{"start":{"line":6,"column":6},"end":{"line":6,"column":30}},"2":{"start":{"line":3,"column":0},"end":{"line":3,"column":16}}},"fnMap":{"0":{"name":"createToken","decl":{"start":{"line":3,"column":16},"end":{"line":3,"column":27}},"loc":{"start":{"line":3,"column":46},"end":{"line":9,"column":1}}},"1":{"name":"(anonymous_1)","decl":{"start":{"line":5,"column":4},"end":{"line":5,"column":8}},"loc":{"start":{"line":5,"column":14},"end":{"line":7,"column":5}}}},"branchMap":{},"s":{"0":6,"1":21,"2":1},"f":{"0":6,"1":21},"b":{}}
}
