TN:
SF:src/shared/container/application/base/createContainer.ts
FN:8,createContainer
FN:11,(anonymous_1)
FN:21,(anonymous_2)
FN:38,(anonymous_3)
FN:46,(anonymous_4)
FN:50,(anonymous_5)
FN:54,(anonymous_6)
FNF:7
FNH:6
FNDA:5,createContainer
FNDA:1,(anonymous_1)
FNDA:3,(anonymous_2)
FNDA:15,(anonymous_3)
FNDA:6,(anonymous_4)
FNDA:1,(anonymous_5)
FNDA:0,(anonymous_6)
DA:6,1
DA:8,1
DA:9,5
DA:11,5
DA:19,1
DA:21,1
DA:22,3
DA:24,3
DA:25,1
DA:27,2
DA:28,1
DA:30,1
DA:31,1
DA:33,0
DA:37,5
DA:39,15
DA:41,0
DA:47,6
DA:51,1
DA:53,1
DA:55,0
DA:67,1
DA:71,5
LF:23
LH:20
BRDA:24,0,0,1
BRDA:24,1,0,3
BRDA:24,1,1,1
BRDA:24,1,2,1
BRDA:27,2,0,1
BRDA:27,3,0,2
BRDA:27,3,1,2
BRDA:27,3,2,1
BRDA:30,4,0,1
BRDA:30,5,0,1
BRDA:30,5,1,1
BRDA:39,6,0,15
BRDA:53,7,0,1
BRDA:53,7,1,0
BRF:14
BRH:13
end_of_record
TN:
SF:src/shared/container/application/base/createDependency.ts
FN:6,createDependency
FN:15,(anonymous_1)
FN:16,(anonymous_2)
FN:21,(anonymous_3)
FN:24,(anonymous_4)
FN:35,(anonymous_5)
FN:36,(anonymous_6)
FNF:7
FNH:7
FNDA:6,createDependency
FNDA:2,(anonymous_1)
FNDA:4,(anonymous_2)
FNDA:2,(anonymous_3)
FNDA:7,(anonymous_4)
FNDA:2,(anonymous_5)
FNDA:4,(anonymous_6)
DA:6,1
DA:14,6
DA:16,4
DA:18,2
DA:22,2
DA:24,2
DA:25,7
DA:27,7
DA:29,7
DA:32,2
DA:36,4
LF:11
LH:11
BRDA:27,0,0,2
BRF:1
BRH:1
end_of_record
TN:
SF:src/shared/container/application/base/createRegistry.ts
FN:13,createRegistry
FN:25,(anonymous_1)
FN:29,(anonymous_2)
FN:32,(anonymous_3)
FNF:4
FNH:2
FNDA:1,createRegistry
FNDA:3,(anonymous_1)
FNDA:0,(anonymous_2)
FNDA:0,(anonymous_3)
DA:7,1
DA:13,1
DA:20,1
DA:25,1
DA:26,3
DA:29,1
DA:30,0
DA:32,0
DA:33,0
DA:39,0
DA:42,1
LF:11
LH:7
BRDA:18,0,0,1
BRDA:18,1,0,1
BRF:2
BRH:2
end_of_record
TN:
SF:src/shared/container/application/base/createToken.ts
FN:3,createToken
FN:5,(anonymous_1)
FNF:2
FNH:2
FNDA:6,createToken
FNDA:21,(anonymous_1)
DA:3,1
DA:4,6
DA:6,21
LF:3
LH:3
BRF:0
BRH:0
end_of_record
